
> atlvs@0.1.0 lint /Users/julianclarkson/Documents/Dragonflyone/apps/atlvs
> next lint --max-warnings 9999


./src/app/advances/[id]/page.tsx
77:39  Warning: Invalid Tailwind CSS classnames order  tailwindcss/classnames-order
110:41  Warning: ❌ PROHIBITED: Raw Tailwind font weight. Use design system: font-weight-normal, font-weight-medium, font-weight-semibold, font-weight-bold  no-restricted-syntax
114:41  Warning: ❌ PROHIBITED: Raw Tailwind font weight. Use design system: font-weight-normal, font-weight-medium, font-weight-semibold, font-weight-bold  no-restricted-syntax
123:41  Warning: ❌ PROHIBITED: Raw Tailwind font weight. Use design system: font-weight-normal, font-weight-medium, font-weight-semibold, font-weight-bold  no-restricted-syntax
127:41  Warning: ❌ PROHIBITED: Raw Tailwind font weight. Use design system: font-weight-normal, font-weight-medium, font-weight-semibold, font-weight-bold  no-restricted-syntax
132:41  Warning: Invalid Tailwind CSS classnames order  tailwindcss/classnames-order
134:41  Warning: ❌ PROHIBITED: Raw Tailwind font weight. Use design system: font-weight-normal, font-weight-medium, font-weight-semibold, font-weight-bold  no-restricted-syntax
139:41  Warning: ❌ PROHIBITED: Raw Tailwind font weight. Use design system: font-weight-normal, font-weight-medium, font-weight-semibold, font-weight-bold  no-restricted-syntax
152:45  Warning: Invalid Tailwind CSS classnames order  tailwindcss/classnames-order
156:37  Warning: Invalid Tailwind CSS classnames order  tailwindcss/classnames-order
159:37  Warning: Invalid Tailwind CSS classnames order  tailwindcss/classnames-order
164:24  Warning: Invalid Tailwind CSS classnames order  tailwindcss/classnames-order
165:45  Warning: ❌ PROHIBITED: Raw Tailwind font weight. Use design system: font-weight-normal, font-weight-medium, font-weight-semibold, font-weight-bold  no-restricted-syntax
174:37  Warning: Invalid Tailwind CSS classnames order  tailwindcss/classnames-order
174:47  Warning: ❌ PROHIBITED: Raw Tailwind font weight. Use design system: font-weight-normal, font-weight-medium, font-weight-semibold, font-weight-bold  no-restricted-syntax
181:24  Warning: Invalid Tailwind CSS classnames order  tailwindcss/classnames-order
198:41  Warning: ❌ PROHIBITED: Raw Tailwind font weight. Use design system: font-weight-normal, font-weight-medium, font-weight-semibold, font-weight-bold  no-restricted-syntax
209:41  Warning: ❌ PROHIBITED: Raw Tailwind font weight. Use design system: font-weight-normal, font-weight-medium, font-weight-semibold, font-weight-bold  no-restricted-syntax
246:41  Warning: ❌ PROHIBITED: Raw Tailwind font weight. Use design system: font-weight-normal, font-weight-medium, font-weight-semibold, font-weight-bold  no-restricted-syntax

./src/app/advances/page.tsx
106:25  Warning: Unexpected console statement.  no-console

./src/app/alignment/page.tsx
16:3  Warning: 'Input' is defined but never used. Allowed unused vars must match /^_/u.  @typescript-eslint/no-unused-vars
160:41  Warning: Invalid Tailwind CSS classnames order  tailwindcss/classnames-order
218:51  Warning: Invalid Tailwind CSS classnames order  tailwindcss/classnames-order
221:31  Warning: Invalid Tailwind CSS classnames order  tailwindcss/classnames-order
228:41  Warning: ❌ PROHIBITED: Raw Tailwind font weight. Use design system: font-weight-normal, font-weight-medium, font-weight-semibold, font-weight-bold  no-restricted-syntax
230:30  Warning: Invalid Tailwind CSS classnames order  tailwindcss/classnames-order
230:40  Warning: ❌ PROHIBITED: Raw Tailwind border radius. Use design system: rounded-radius-*, rounded-button, rounded-card, rounded-input, rounded-avatar  no-restricted-syntax
236:53  Warning: Invalid Tailwind CSS classnames order  tailwindcss/classnames-order
261:51  Warning: Invalid Tailwind CSS classnames order  tailwindcss/classnames-order
264:31  Warning: Invalid Tailwind CSS classnames order  tailwindcss/classnames-order
319:39  Warning: ❌ PROHIBITED: Raw Tailwind font weight. Use design system: font-weight-normal, font-weight-medium, font-weight-semibold, font-weight-bold  no-restricted-syntax
323:39  Warning: ❌ PROHIBITED: Raw Tailwind font weight. Use design system: font-weight-normal, font-weight-medium, font-weight-semibold, font-weight-bold  no-restricted-syntax
327:39  Warning: ❌ PROHIBITED: Raw Tailwind font weight. Use design system: font-weight-normal, font-weight-medium, font-weight-semibold, font-weight-bold  no-restricted-syntax
369:23  Warning: Invalid Tailwind CSS classnames order  tailwindcss/classnames-order
382:53  Warning: Invalid Tailwind CSS classnames order  tailwindcss/classnames-order
384:43  Warning: ❌ PROHIBITED: Raw Tailwind font weight. Use design system: font-weight-normal, font-weight-medium, font-weight-semibold, font-weight-bold  no-restricted-syntax

./src/app/analytics/client-retention/page.tsx
75:74  Warning: Unexpected console statement.  no-console
130:34  Warning: Unexpected console statement.  no-console

./src/app/analytics/dashboard-builder/page.tsx
62:72  Warning: Unexpected console statement.  no-console
73:5  Warning: Unexpected console statement.  no-console
106:25  Warning: Unexpected console statement.  no-console

./src/app/analytics/data-warehouse/page.tsx
74:66  Warning: Unexpected console statement.  no-console
75:72  Warning: Unexpected console statement.  no-console
86:5  Warning: Unexpected console statement.  no-console
134:34  Warning: Unexpected console statement.  no-console

./src/app/analytics/kpi/[code]/page.tsx
83:20  Warning: Invalid Tailwind CSS classnames order  tailwindcss/classnames-order
116:18  Warning: Invalid Tailwind CSS classnames order  tailwindcss/classnames-order
145:19  Warning: Invalid Tailwind CSS classnames order  tailwindcss/classnames-order
146:21  Warning: Invalid Tailwind CSS classnames order  tailwindcss/classnames-order
151:23  Warning: Invalid Tailwind CSS classnames order  tailwindcss/classnames-order
159:23  Warning: Invalid Tailwind CSS classnames order  tailwindcss/classnames-order
164:25  Warning: Invalid Tailwind CSS classnames order  tailwindcss/classnames-order
172:21  Warning: Invalid Tailwind CSS classnames order  tailwindcss/classnames-order
173:23  Warning: Invalid Tailwind CSS classnames order  tailwindcss/classnames-order
181:21  Warning: Invalid Tailwind CSS classnames order  tailwindcss/classnames-order
182:23  Warning: Invalid Tailwind CSS classnames order  tailwindcss/classnames-order
194:29  Warning: ❌ PROHIBITED: Raw Tailwind font weight. Use design system: font-weight-normal, font-weight-medium, font-weight-semibold, font-weight-bold  no-restricted-syntax
211:15  Warning: Invalid Tailwind CSS classnames order  tailwindcss/classnames-order
213:18  Warning: Invalid Tailwind CSS classnames order  tailwindcss/classnames-order
224:19  Warning: Invalid Tailwind CSS classnames order  tailwindcss/classnames-order
233:33  Warning: Invalid Tailwind CSS classnames order  tailwindcss/classnames-order
234:25  Warning: Invalid Tailwind CSS classnames order  tailwindcss/classnames-order
234:35  Warning: ❌ PROHIBITED: Raw Tailwind font weight. Use design system: font-weight-normal, font-weight-medium, font-weight-semibold, font-weight-bold  no-restricted-syntax
239:27  Warning: Invalid Tailwind CSS classnames order  tailwindcss/classnames-order
254:22  Warning: Invalid Tailwind CSS classnames order  tailwindcss/classnames-order
254:32  Warning: ❌ PROHIBITED: Raw Tailwind font weight. Use design system: font-weight-normal, font-weight-medium, font-weight-semibold, font-weight-bold  no-restricted-syntax
260:22  Warning: Invalid Tailwind CSS classnames order  tailwindcss/classnames-order
260:32  Warning: ❌ PROHIBITED: Raw Tailwind font weight. Use design system: font-weight-normal, font-weight-medium, font-weight-semibold, font-weight-bold  no-restricted-syntax
266:22  Warning: Invalid Tailwind CSS classnames order  tailwindcss/classnames-order
266:32  Warning: ❌ PROHIBITED: Raw Tailwind font weight. Use design system: font-weight-normal, font-weight-medium, font-weight-semibold, font-weight-bold  no-restricted-syntax
270:22  Warning: Invalid Tailwind CSS classnames order  tailwindcss/classnames-order
270:32  Warning: ❌ PROHIBITED: Raw Tailwind font weight. Use design system: font-weight-normal, font-weight-medium, font-weight-semibold, font-weight-bold  no-restricted-syntax
276:22  Warning: Invalid Tailwind CSS classnames order  tailwindcss/classnames-order
276:32  Warning: ❌ PROHIBITED: Raw Tailwind font weight. Use design system: font-weight-normal, font-weight-medium, font-weight-semibold, font-weight-bold  no-restricted-syntax
282:22  Warning: Invalid Tailwind CSS classnames order  tailwindcss/classnames-order
282:32  Warning: ❌ PROHIBITED: Raw Tailwind font weight. Use design system: font-weight-normal, font-weight-medium, font-weight-semibold, font-weight-bold  no-restricted-syntax

./src/app/analytics/kpi/page.tsx
122:18  Warning: Invalid Tailwind CSS classnames order  tailwindcss/classnames-order
137:16  Warning: Invalid Tailwind CSS classnames order  tailwindcss/classnames-order
151:17  Warning: Invalid Tailwind CSS classnames order  tailwindcss/classnames-order
167:29  Warning: ❌ PROHIBITED: Raw Tailwind font weight. Use design system: font-weight-normal, font-weight-medium, font-weight-semibold, font-weight-bold  no-restricted-syntax
190:15  Warning: Invalid Tailwind CSS classnames order  tailwindcss/classnames-order
192:45  Warning: Invalid Tailwind CSS classnames order  tailwindcss/classnames-order
194:57  Warning: Invalid Tailwind CSS classnames order  tailwindcss/classnames-order
201:25  Warning: Invalid Tailwind CSS classnames order  tailwindcss/classnames-order
214:28  Warning: Invalid Tailwind CSS classnames order  tailwindcss/classnames-order
256:16  Warning: Invalid Tailwind CSS classnames order  tailwindcss/classnames-order
259:19  Warning: Invalid Tailwind CSS classnames order  tailwindcss/classnames-order
263:19  Warning: Invalid Tailwind CSS classnames order  tailwindcss/classnames-order
267:19  Warning: Invalid Tailwind CSS classnames order  tailwindcss/classnames-order
271:19  Warning: Invalid Tailwind CSS classnames order  tailwindcss/classnames-order
275:19  Warning: Invalid Tailwind CSS classnames order  tailwindcss/classnames-order

./src/app/analytics/page.tsx
73:49  Warning: Unexpected any. Specify a different type.  @typescript-eslint/no-explicit-any
74:47  Warning: Unexpected any. Specify a different type.  @typescript-eslint/no-explicit-any
75:48  Warning: Unexpected any. Specify a different type.  @typescript-eslint/no-explicit-any
136:15  Warning: Invalid Tailwind CSS classnames order  tailwindcss/classnames-order
141:15  Warning: Invalid Tailwind CSS classnames order  tailwindcss/classnames-order
146:15  Warning: Invalid Tailwind CSS classnames order  tailwindcss/classnames-order
151:15  Warning: Invalid Tailwind CSS classnames order  tailwindcss/classnames-order
156:19  Warning: Invalid Tailwind CSS classnames order  tailwindcss/classnames-order
157:19  Warning: Invalid Tailwind CSS classnames order  tailwindcss/classnames-order
174:19  Warning: Invalid Tailwind CSS classnames order  tailwindcss/classnames-order
175:19  Warning: Invalid Tailwind CSS classnames order  tailwindcss/classnames-order
180:27  Warning: Invalid Tailwind CSS classnames order  tailwindcss/classnames-order
184:25  Warning: Invalid Tailwind CSS classnames order  tailwindcss/classnames-order

./src/app/api/account-health/route.ts
99:42  Warning: Unexpected any. Specify a different type.  @typescript-eslint/no-explicit-any
108:61  Warning: Unexpected any. Specify a different type.  @typescript-eslint/no-explicit-any

./src/app/api/accounts-payable/route.ts
91:45  Warning: Unexpected any. Specify a different type.  @typescript-eslint/no-explicit-any
126:42  Warning: Unexpected any. Specify a different type.  @typescript-eslint/no-explicit-any
127:40  Warning: Unexpected any. Specify a different type.  @typescript-eslint/no-explicit-any
132:39  Warning: Unexpected any. Specify a different type.  @typescript-eslint/no-explicit-any
159:52  Warning: Unexpected any. Specify a different type.  @typescript-eslint/no-explicit-any
160:56  Warning: Unexpected any. Specify a different type.  @typescript-eslint/no-explicit-any
164:53  Warning: Unexpected any. Specify a different type.  @typescript-eslint/no-explicit-any
207:57  Warning: Unexpected any. Specify a different type.  @typescript-eslint/no-explicit-any
208:59  Warning: Unexpected any. Specify a different type.  @typescript-eslint/no-explicit-any
209:60  Warning: Unexpected any. Specify a different type.  @typescript-eslint/no-explicit-any
210:60  Warning: Unexpected any. Specify a different type.  @typescript-eslint/no-explicit-any
211:57  Warning: Unexpected any. Specify a different type.  @typescript-eslint/no-explicit-any
287:11  Warning: 'query' is never reassigned. Use 'const' instead.  prefer-const
346:19  Warning: Unexpected any. Specify a different type.  @typescript-eslint/no-explicit-any
511:44  Warning: Unexpected any. Specify a different type.  @typescript-eslint/no-explicit-any
512:42  Warning: Unexpected any. Specify a different type.  @typescript-eslint/no-explicit-any
570:19  Warning: Unexpected any. Specify a different type.  @typescript-eslint/no-explicit-any
637:19  Warning: Unexpected any. Specify a different type.  @typescript-eslint/no-explicit-any
681:19  Warning: Unexpected any. Specify a different type.  @typescript-eslint/no-explicit-any

./src/app/api/accounts-receivable/route.ts
79:45  Warning: Unexpected any. Specify a different type.  @typescript-eslint/no-explicit-any
123:57  Warning: Unexpected any. Specify a different type.  @typescript-eslint/no-explicit-any
124:59  Warning: Unexpected any. Specify a different type.  @typescript-eslint/no-explicit-any
125:60  Warning: Unexpected any. Specify a different type.  @typescript-eslint/no-explicit-any
126:60  Warning: Unexpected any. Specify a different type.  @typescript-eslint/no-explicit-any
127:57  Warning: Unexpected any. Specify a different type.  @typescript-eslint/no-explicit-any
131:45  Warning: Unexpected any. Specify a different type.  @typescript-eslint/no-explicit-any
211:48  Warning: Unexpected any. Specify a different type.  @typescript-eslint/no-explicit-any
305:19  Warning: Unexpected any. Specify a different type.  @typescript-eslint/no-explicit-any
467:19  Warning: Unexpected any. Specify a different type.  @typescript-eslint/no-explicit-any
496:19  Warning: Unexpected any. Specify a different type.  @typescript-eslint/no-explicit-any
540:19  Warning: Unexpected any. Specify a different type.  @typescript-eslint/no-explicit-any

./src/app/api/advances/[id]/approve/route.ts
16:41  Warning: Unexpected any. Specify a different type.  @typescript-eslint/no-explicit-any
66:21  Warning: Unexpected any. Specify a different type.  @typescript-eslint/no-explicit-any

./src/app/api/advances/[id]/reject/route.ts
15:41  Warning: Unexpected any. Specify a different type.  @typescript-eslint/no-explicit-any
64:21  Warning: Unexpected any. Specify a different type.  @typescript-eslint/no-explicit-any

./src/app/api/advances/[id]/route.ts
10:41  Warning: Unexpected any. Specify a different type.  @typescript-eslint/no-explicit-any
53:21  Warning: Unexpected any. Specify a different type.  @typescript-eslint/no-explicit-any

./src/app/api/advances/route.ts
69:46  Warning: Unexpected any. Specify a different type.  @typescript-eslint/no-explicit-any
84:21  Warning: Unexpected any. Specify a different type.  @typescript-eslint/no-explicit-any

./src/app/api/advancing/analytics/route.ts
115:19  Warning: Unexpected any. Specify a different type.  @typescript-eslint/no-explicit-any

./src/app/api/advancing/batch/route.ts
57:19  Warning: Unexpected any. Specify a different type.  @typescript-eslint/no-explicit-any
75:9  Warning: Unexpected any. Specify a different type.  @typescript-eslint/no-explicit-any
153:9  Warning: Unexpected any. Specify a different type.  @typescript-eslint/no-explicit-any
223:9  Warning: Unexpected any. Specify a different type.  @typescript-eslint/no-explicit-any

./src/app/api/advancing/catalog/categories/route.ts
11:27  Warning: 'request' is defined but never used. Allowed unused args must match /^_/u.  @typescript-eslint/no-unused-vars

./src/app/api/advancing/requests/[id]/fulfill/route.ts
75:32  Warning: Unexpected any. Specify a different type.  @typescript-eslint/no-explicit-any
77:43  Warning: Unexpected any. Specify a different type.  @typescript-eslint/no-explicit-any
117:52  Warning: Unexpected any. Specify a different type.  @typescript-eslint/no-explicit-any
118:50  Warning: Unexpected any. Specify a different type.  @typescript-eslint/no-explicit-any
128:77  Warning: Unexpected any. Specify a different type.  @typescript-eslint/no-explicit-any

./src/app/api/advancing/requests/route.ts
166:80  Warning: Unexpected any. Specify a different type.  @typescript-eslint/no-explicit-any

./src/app/api/ai/asset-maintenance/route.ts
40:44  Warning: Unexpected any. Specify a different type.  @typescript-eslint/no-explicit-any
118:38  Warning: Unexpected any. Specify a different type.  @typescript-eslint/no-explicit-any
282:36  Warning: Unexpected any. Specify a different type.  @typescript-eslint/no-explicit-any
282:50  Warning: Unexpected any. Specify a different type.  @typescript-eslint/no-explicit-any
282:58  Warning: Unexpected any. Specify a different type.  @typescript-eslint/no-explicit-any
333:38  Warning: Unexpected any. Specify a different type.  @typescript-eslint/no-explicit-any
333:52  Warning: Unexpected any. Specify a different type.  @typescript-eslint/no-explicit-any
365:42  Warning: Unexpected any. Specify a different type.  @typescript-eslint/no-explicit-any
365:50  Warning: Unexpected any. Specify a different type.  @typescript-eslint/no-explicit-any
382:39  Warning: Unexpected any. Specify a different type.  @typescript-eslint/no-explicit-any
382:53  Warning: Unexpected any. Specify a different type.  @typescript-eslint/no-explicit-any
382:61  Warning: Unexpected any. Specify a different type.  @typescript-eslint/no-explicit-any
398:41  Warning: Unexpected any. Specify a different type.  @typescript-eslint/no-explicit-any
398:77  Warning: Unexpected any. Specify a different type.  @typescript-eslint/no-explicit-any
418:46  Warning: Unexpected any. Specify a different type.  @typescript-eslint/no-explicit-any
418:54  Warning: Unexpected any. Specify a different type.  @typescript-eslint/no-explicit-any
420:36  Warning: Unexpected any. Specify a different type.  @typescript-eslint/no-explicit-any
456:44  Warning: Unexpected any. Specify a different type.  @typescript-eslint/no-explicit-any
464:37  Warning: Unexpected any. Specify a different type.  @typescript-eslint/no-explicit-any
464:45  Warning: Unexpected any. Specify a different type.  @typescript-eslint/no-explicit-any
473:20  Warning: Unexpected any. Specify a different type.  @typescript-eslint/no-explicit-any

./src/app/api/ai/competitive-intelligence/route.ts
187:40  Warning: Unexpected any. Specify a different type.  @typescript-eslint/no-explicit-any
192:40  Warning: Unexpected any. Specify a different type.  @typescript-eslint/no-explicit-any
421:25  Warning: Unexpected any. Specify a different type.  @typescript-eslint/no-explicit-any
455:48  Warning: Unexpected any. Specify a different type.  @typescript-eslint/no-explicit-any
455:67  Warning: Unexpected any. Specify a different type.  @typescript-eslint/no-explicit-any
455:75  Warning: Unexpected any. Specify a different type.  @typescript-eslint/no-explicit-any

./src/app/api/ai/financial-forecasting/route.ts
105:47  Warning: Unexpected any. Specify a different type.  @typescript-eslint/no-explicit-any
174:18  Warning: Unexpected any. Specify a different type.  @typescript-eslint/no-explicit-any

./src/app/api/ai/portfolio-planning/route.ts
354:45  Warning: Unexpected any. Specify a different type.  @typescript-eslint/no-explicit-any
374:46  Warning: Unexpected any. Specify a different type.  @typescript-eslint/no-explicit-any
374:54  Warning: Unexpected any. Specify a different type.  @typescript-eslint/no-explicit-any
383:58  Warning: Unexpected any. Specify a different type.  @typescript-eslint/no-explicit-any
383:84  Warning: Unexpected any. Specify a different type.  @typescript-eslint/no-explicit-any
398:55  Warning: Unexpected any. Specify a different type.  @typescript-eslint/no-explicit-any

./src/app/api/ai/predictive-analytics/route.ts
209:20  Warning: Unexpected any. Specify a different type.  @typescript-eslint/no-explicit-any
217:70  Warning: Unexpected any. Specify a different type.  @typescript-eslint/no-explicit-any
217:103  Warning: Unexpected any. Specify a different type.  @typescript-eslint/no-explicit-any
322:39  Warning: Unexpected any. Specify a different type.  @typescript-eslint/no-explicit-any
322:74  Warning: Unexpected any. Specify a different type.  @typescript-eslint/no-explicit-any
324:38  Warning: Unexpected any. Specify a different type.  @typescript-eslint/no-explicit-any

./src/app/api/ai/resource-optimization/route.ts
180:15  Warning: 'month' is assigned a value but never used. Allowed unused vars must match /^_/u.  @typescript-eslint/no-unused-vars
252:37  Warning: Unexpected any. Specify a different type.  @typescript-eslint/no-explicit-any
257:34  Warning: Unexpected any. Specify a different type.  @typescript-eslint/no-explicit-any
278:24  Warning: Unexpected any. Specify a different type.  @typescript-eslint/no-explicit-any
305:39  Warning: Unexpected any. Specify a different type.  @typescript-eslint/no-explicit-any
306:35  Warning: Unexpected any. Specify a different type.  @typescript-eslint/no-explicit-any
306:70  Warning: Unexpected any. Specify a different type.  @typescript-eslint/no-explicit-any
308:60  Warning: Unexpected any. Specify a different type.  @typescript-eslint/no-explicit-any
311:33  Warning: Unexpected any. Specify a different type.  @typescript-eslint/no-explicit-any
312:29  Warning: Unexpected any. Specify a different type.  @typescript-eslint/no-explicit-any
419:58  Warning: Unexpected any. Specify a different type.  @typescript-eslint/no-explicit-any
419:79  Warning: Unexpected any. Specify a different type.  @typescript-eslint/no-explicit-any
437:54  Warning: Unexpected any. Specify a different type.  @typescript-eslint/no-explicit-any
447:50  Warning: Unexpected any. Specify a different type.  @typescript-eslint/no-explicit-any

./src/app/api/alignment/metrics/route.ts
4:27  Warning: 'request' is defined but never used. Allowed unused args must match /^_/u.  @typescript-eslint/no-unused-vars
37:52  Warning: Unexpected any. Specify a different type.  @typescript-eslint/no-explicit-any
39:47  Warning: Unexpected any. Specify a different type.  @typescript-eslint/no-explicit-any

./src/app/api/analytics/advanced-dashboard/route.ts
120:54  Warning: Unexpected any. Specify a different type.  @typescript-eslint/no-explicit-any
270:55  Warning: Unexpected any. Specify a different type.  @typescript-eslint/no-explicit-any
416:40  Warning: Unexpected any. Specify a different type.  @typescript-eslint/no-explicit-any
416:73  Warning: Unexpected any. Specify a different type.  @typescript-eslint/no-explicit-any
539:31  Warning: Unexpected any. Specify a different type.  @typescript-eslint/no-explicit-any

./src/app/api/analytics/dashboard/route.ts
105:46  Warning: Unexpected any. Specify a different type.  @typescript-eslint/no-explicit-any
106:40  Warning: Unexpected any. Specify a different type.  @typescript-eslint/no-explicit-any
107:44  Warning: Unexpected any. Specify a different type.  @typescript-eslint/no-explicit-any
108:46  Warning: Unexpected any. Specify a different type.  @typescript-eslint/no-explicit-any
109:42  Warning: Unexpected any. Specify a different type.  @typescript-eslint/no-explicit-any
110:48  Warning: Unexpected any. Specify a different type.  @typescript-eslint/no-explicit-any

./src/app/api/analytics/predictive/route.ts
88:13  Warning: 'lostDeals' is assigned a value but never used. Allowed unused vars must match /^_/u.  @typescript-eslint/no-unused-vars
134:15  Warning: 'customerAge' is assigned a value but never used. Allowed unused vars must match /^_/u.  @typescript-eslint/no-unused-vars

./src/app/api/analytics/route.ts
46:55  Warning: Unexpected any. Specify a different type.  @typescript-eslint/no-explicit-any
46:63  Warning: Unexpected any. Specify a different type.  @typescript-eslint/no-explicit-any
81:21  Warning: Unexpected any. Specify a different type.  @typescript-eslint/no-explicit-any

./src/app/api/anomaly-detection/route.ts
24:24  Warning: Unexpected any. Specify a different type.  @typescript-eslint/no-explicit-any
31:34  Warning: 'i' is defined but never used. Allowed unused args must match /^_/u.  @typescript-eslint/no-unused-vars
88:36  Warning: Unexpected any. Specify a different type.  @typescript-eslint/no-explicit-any
95:24  Warning: Unexpected any. Specify a different type.  @typescript-eslint/no-explicit-any
118:19  Warning: Unexpected any. Specify a different type.  @typescript-eslint/no-explicit-any
144:19  Warning: Unexpected any. Specify a different type.  @typescript-eslint/no-explicit-any

./src/app/api/app-store/route.ts
87:45  Warning: Unexpected any. Specify a different type.  @typescript-eslint/no-explicit-any

./src/app/api/asset-analytics/route.ts
15:11  Warning: 'category' is assigned a value but never used. Allowed unused vars must match /^_/u.  @typescript-eslint/no-unused-vars
18:11  Warning: 'reportType' is assigned a value but never used. Allowed unused vars must match /^_/u.  @typescript-eslint/no-unused-vars
113:16  Warning: Unexpected any. Specify a different type.  @typescript-eslint/no-explicit-any
114:16  Warning: Unexpected any. Specify a different type.  @typescript-eslint/no-explicit-any
115:13  Warning: Unexpected any. Specify a different type.  @typescript-eslint/no-explicit-any
166:44  Warning: Unexpected any. Specify a different type.  @typescript-eslint/no-explicit-any
166:64  Warning: Unexpected any. Specify a different type.  @typescript-eslint/no-explicit-any
166:81  Warning: Unexpected any. Specify a different type.  @typescript-eslint/no-explicit-any
196:49  Warning: Unexpected any. Specify a different type.  @typescript-eslint/no-explicit-any
218:49  Warning: Unexpected any. Specify a different type.  @typescript-eslint/no-explicit-any

./src/app/api/asset-insurance/route.ts
88:48  Warning: Unexpected any. Specify a different type.  @typescript-eslint/no-explicit-any
89:52  Warning: Unexpected any. Specify a different type.  @typescript-eslint/no-explicit-any
95:58  Warning: Unexpected any. Specify a different type.  @typescript-eslint/no-explicit-any
225:36  Warning: Unexpected any. Specify a different type.  @typescript-eslint/no-explicit-any
269:19  Warning: Unexpected any. Specify a different type.  @typescript-eslint/no-explicit-any
383:19  Warning: Unexpected any. Specify a different type.  @typescript-eslint/no-explicit-any
432:19  Warning: Unexpected any. Specify a different type.  @typescript-eslint/no-explicit-any
457:19  Warning: Unexpected any. Specify a different type.  @typescript-eslint/no-explicit-any

./src/app/api/asset-lifecycle/route.ts
175:58  Warning: Unexpected any. Specify a different type.  @typescript-eslint/no-explicit-any
181:51  Warning: Unexpected any. Specify a different type.  @typescript-eslint/no-explicit-any
280:19  Warning: Unexpected any. Specify a different type.  @typescript-eslint/no-explicit-any
368:19  Warning: Unexpected any. Specify a different type.  @typescript-eslint/no-explicit-any
401:19  Warning: Unexpected any. Specify a different type.  @typescript-eslint/no-explicit-any
426:19  Warning: Unexpected any. Specify a different type.  @typescript-eslint/no-explicit-any

./src/app/api/asset-maintenance/schedule/route.ts
89:38  Warning: Unexpected any. Specify a different type.  @typescript-eslint/no-explicit-any

./src/app/api/asset-tracking/route.ts
174:63  Warning: Unexpected any. Specify a different type.  @typescript-eslint/no-explicit-any
250:19  Warning: Unexpected any. Specify a different type.  @typescript-eslint/no-explicit-any
460:19  Warning: Unexpected any. Specify a different type.  @typescript-eslint/no-explicit-any
511:19  Warning: Unexpected any. Specify a different type.  @typescript-eslint/no-explicit-any
546:19  Warning: Unexpected any. Specify a different type.  @typescript-eslint/no-explicit-any

./src/app/api/asset-utilization/route.ts
45:47  Warning: Unexpected any. Specify a different type.  @typescript-eslint/no-explicit-any
128:47  Warning: Unexpected any. Specify a different type.  @typescript-eslint/no-explicit-any
129:58  Warning: Unexpected any. Specify a different type.  @typescript-eslint/no-explicit-any
215:51  Warning: Unexpected any. Specify a different type.  @typescript-eslint/no-explicit-any
225:51  Warning: Unexpected any. Specify a different type.  @typescript-eslint/no-explicit-any
297:47  Warning: Unexpected any. Specify a different type.  @typescript-eslint/no-explicit-any
398:19  Warning: Unexpected any. Specify a different type.  @typescript-eslint/no-explicit-any
413:57  Warning: 'purchasePrice' is defined but never used. Allowed unused args must match /^_/u.  @typescript-eslint/no-unused-vars

./src/app/api/assets/depreciation/route.ts
82:41  Warning: Unexpected any. Specify a different type.  @typescript-eslint/no-explicit-any
128:40  Warning: Unexpected any. Specify a different type.  @typescript-eslint/no-explicit-any

./src/app/api/assets/optimization/route.ts
30:67  Warning: Unexpected any. Specify a different type.  @typescript-eslint/no-explicit-any

./src/app/api/assets/scan/route.ts
104:35  Warning: Unexpected any. Specify a different type.  @typescript-eslint/no-explicit-any

./src/app/api/auth/callback/route.ts
8:9  Warning: 'type' is assigned a value but never used. Allowed unused vars must match /^_/u.  @typescript-eslint/no-unused-vars

./src/app/api/automated-insights/route.ts
3:10  Warning: 'z' is defined but never used. Allowed unused vars must match /^_/u.  @typescript-eslint/no-unused-vars
97:23  Warning: Unexpected any. Specify a different type.  @typescript-eslint/no-explicit-any
197:47  Warning: Unexpected any. Specify a different type.  @typescript-eslint/no-explicit-any
233:49  Warning: Unexpected any. Specify a different type.  @typescript-eslint/no-explicit-any
267:47  Warning: Unexpected any. Specify a different type.  @typescript-eslint/no-explicit-any
301:51  Warning: Unexpected any. Specify a different type.  @typescript-eslint/no-explicit-any
330:49  Warning: Unexpected any. Specify a different type.  @typescript-eslint/no-explicit-any
363:43  Warning: Unexpected any. Specify a different type.  @typescript-eslint/no-explicit-any

./src/app/api/availability/route.ts
56:65  Warning: Unexpected any. Specify a different type.  @typescript-eslint/no-explicit-any
255:38  Warning: Unexpected any. Specify a different type.  @typescript-eslint/no-explicit-any
301:24  Warning: Unexpected any. Specify a different type.  @typescript-eslint/no-explicit-any
301:47  Warning: Unexpected any. Specify a different type.  @typescript-eslint/no-explicit-any
332:19  Warning: Unexpected any. Specify a different type.  @typescript-eslint/no-explicit-any
383:48  Warning: Unexpected any. Specify a different type.  @typescript-eslint/no-explicit-any
449:19  Warning: Unexpected any. Specify a different type.  @typescript-eslint/no-explicit-any
492:19  Warning: Unexpected any. Specify a different type.  @typescript-eslint/no-explicit-any
527:19  Warning: Unexpected any. Specify a different type.  @typescript-eslint/no-explicit-any

./src/app/api/bad-debt/route.ts
185:19  Warning: Unexpected any. Specify a different type.  @typescript-eslint/no-explicit-any
335:19  Warning: Unexpected any. Specify a different type.  @typescript-eslint/no-explicit-any
364:19  Warning: Unexpected any. Specify a different type.  @typescript-eslint/no-explicit-any
389:19  Warning: Unexpected any. Specify a different type.  @typescript-eslint/no-explicit-any

./src/app/api/bank-reconciliation/route.ts
229:19  Warning: Unexpected any. Specify a different type.  @typescript-eslint/no-explicit-any
273:47  Warning: Unexpected any. Specify a different type.  @typescript-eslint/no-explicit-any
294:64  Warning: Unexpected any. Specify a different type.  @typescript-eslint/no-explicit-any
461:19  Warning: Unexpected any. Specify a different type.  @typescript-eslint/no-explicit-any
507:19  Warning: Unexpected any. Specify a different type.  @typescript-eslint/no-explicit-any
561:19  Warning: Unexpected any. Specify a different type.  @typescript-eslint/no-explicit-any

./src/app/api/batch/operations/route.ts
24:12  Warning: Unexpected any. Specify a different type.  @typescript-eslint/no-explicit-any
25:12  Warning: Unexpected any. Specify a different type.  @typescript-eslint/no-explicit-any
38:81  Warning: Unexpected any. Specify a different type.  @typescript-eslint/no-explicit-any
52:25  Warning: 'updated' is assigned a value but never used. Allowed unused vars must match /^_/u.  @typescript-eslint/no-unused-vars
52:81  Warning: Unexpected any. Specify a different type.  @typescript-eslint/no-explicit-any
67:66  Warning: Unexpected any. Specify a different type.  @typescript-eslint/no-explicit-any
80:67  Warning: Unexpected any. Specify a different type.  @typescript-eslint/no-explicit-any
111:41  Warning: Unexpected any. Specify a different type.  @typescript-eslint/no-explicit-any

./src/app/api/batch/route.ts
28:37  Warning: Unexpected any. Specify a different type.  @typescript-eslint/no-explicit-any
33:26  Warning: Unexpected any. Specify a different type.  @typescript-eslint/no-explicit-any
44:37  Warning: Unexpected any. Specify a different type.  @typescript-eslint/no-explicit-any

./src/app/api/benchmarking/route.ts
65:22  Warning: Unexpected any. Specify a different type.  @typescript-eslint/no-explicit-any
266:36  Warning: 'period' is defined but never used. Allowed unused args must match /^_/u.  @typescript-eslint/no-unused-vars

./src/app/api/benefits/route.ts
110:41  Warning: Unexpected any. Specify a different type.  @typescript-eslint/no-explicit-any

./src/app/api/bi-integration/route.ts
252:57  Warning: Unexpected any. Specify a different type.  @typescript-eslint/no-explicit-any

./src/app/api/bid-comparison/route.ts
26:70  Warning: Unexpected any. Specify a different type.  @typescript-eslint/no-explicit-any
101:34  Warning: Unexpected any. Specify a different type.  @typescript-eslint/no-explicit-any
101:49  Warning: Unexpected any. Specify a different type.  @typescript-eslint/no-explicit-any
101:55  Warning: Unexpected any. Specify a different type.  @typescript-eslint/no-explicit-any
102:17  Warning: Unexpected any. Specify a different type.  @typescript-eslint/no-explicit-any

./src/app/api/budget-variance/route.ts
319:42  Warning: Unexpected any. Specify a different type.  @typescript-eslint/no-explicit-any
319:50  Warning: Unexpected any. Specify a different type.  @typescript-eslint/no-explicit-any

./src/app/api/business-continuity/route.ts
45:40  Warning: Unexpected any. Specify a different type.  @typescript-eslint/no-explicit-any
134:53  Warning: Unexpected any. Specify a different type.  @typescript-eslint/no-explicit-any
148:54  Warning: Unexpected any. Specify a different type.  @typescript-eslint/no-explicit-any

./src/app/api/calendar-integration/route.ts
209:18  Warning: 'attendee' is assigned a value but never used. Allowed unused vars must match /^_/u.  @typescript-eslint/no-unused-vars
221:15  Warning: 'attendee_emails' is assigned a value but never used. Allowed unused vars must match /^_/u.  @typescript-eslint/no-unused-vars

./src/app/api/capacity-planning/route.ts
21:21  Warning: Unexpected any. Specify a different type.  @typescript-eslint/no-explicit-any
47:50  Warning: Unexpected any. Specify a different type.  @typescript-eslint/no-explicit-any
66:44  Warning: Unexpected any. Specify a different type.  @typescript-eslint/no-explicit-any

./src/app/api/cash-flow/route.ts
144:19  Warning: Unexpected any. Specify a different type.  @typescript-eslint/no-explicit-any
145:16  Warning: Unexpected any. Specify a different type.  @typescript-eslint/no-explicit-any
146:13  Warning: Unexpected any. Specify a different type.  @typescript-eslint/no-explicit-any
148:4  Warning: Unexpected any. Specify a different type.  @typescript-eslint/no-explicit-any
149:19  Warning: Unexpected any. Specify a different type.  @typescript-eslint/no-explicit-any
207:32  Warning: Unexpected any. Specify a different type.  @typescript-eslint/no-explicit-any
238:51  Warning: Unexpected any. Specify a different type.  @typescript-eslint/no-explicit-any
238:65  Warning: Unexpected any. Specify a different type.  @typescript-eslint/no-explicit-any
240:19  Warning: Unexpected any. Specify a different type.  @typescript-eslint/no-explicit-any

./src/app/api/churn-analysis/route.ts
32:25  Warning: Unexpected any. Specify a different type.  @typescript-eslint/no-explicit-any
60:53  Warning: Unexpected any. Specify a different type.  @typescript-eslint/no-explicit-any

./src/app/api/client-onboarding/route.ts
61:42  Warning: Unexpected any. Specify a different type.  @typescript-eslint/no-explicit-any

./src/app/api/cohort-analysis/route.ts
38:43  Warning: 'cohortMonth' is defined but never used. Allowed unused args must match /^_/u.  @typescript-eslint/no-unused-vars
102:43  Warning: 'cohortMonth' is defined but never used. Allowed unused args must match /^_/u.  @typescript-eslint/no-unused-vars
183:19  Warning: Unexpected any. Specify a different type.  @typescript-eslint/no-explicit-any

./src/app/api/communication-history/route.ts
239:19  Warning: Unexpected any. Specify a different type.  @typescript-eslint/no-explicit-any
377:19  Warning: Unexpected any. Specify a different type.  @typescript-eslint/no-explicit-any
403:19  Warning: Unexpected any. Specify a different type.  @typescript-eslint/no-explicit-any
428:19  Warning: Unexpected any. Specify a different type.  @typescript-eslint/no-explicit-any

./src/app/api/compliance/regional/route.ts
129:42  Warning: Unexpected any. Specify a different type.  @typescript-eslint/no-explicit-any

./src/app/api/contacts/route.ts
58:21  Warning: Unexpected any. Specify a different type.  @typescript-eslint/no-explicit-any
71:41  Warning: Unexpected any. Specify a different type.  @typescript-eslint/no-explicit-any
90:21  Warning: Unexpected any. Specify a different type.  @typescript-eslint/no-explicit-any

./src/app/api/contracts/[id]/route.ts
3:10  Warning: 'z' is defined but never used. Allowed unused vars must match /^_/u.  @typescript-eslint/no-unused-vars
63:20  Warning: 'created_at' is assigned a value but never used. Allowed unused vars must match /^_/u.  @typescript-eslint/no-unused-vars
63:32  Warning: 'created_by' is assigned a value but never used. Allowed unused vars must match /^_/u.  @typescript-eslint/no-unused-vars
63:44  Warning: 'organization_id' is assigned a value but never used. Allowed unused vars must match /^_/u.  @typescript-eslint/no-unused-vars

./src/app/api/cost-allocation/route.ts
35:11  Warning: 'projectId' is assigned a value but never used. Allowed unused vars must match /^_/u.  @typescript-eslint/no-unused-vars
36:11  Warning: 'departmentId' is assigned a value but never used. Allowed unused vars must match /^_/u.  @typescript-eslint/no-unused-vars
128:87  Warning: Unexpected any. Specify a different type.  @typescript-eslint/no-explicit-any
133:36  Warning: Unexpected any. Specify a different type.  @typescript-eslint/no-explicit-any
186:24  Warning: Unexpected any. Specify a different type.  @typescript-eslint/no-explicit-any
194:37  Warning: Unexpected any. Specify a different type.  @typescript-eslint/no-explicit-any
195:43  Warning: Unexpected any. Specify a different type.  @typescript-eslint/no-explicit-any
197:38  Warning: Unexpected any. Specify a different type.  @typescript-eslint/no-explicit-any
205:27  Warning: Unexpected any. Specify a different type.  @typescript-eslint/no-explicit-any
231:19  Warning: Unexpected any. Specify a different type.  @typescript-eslint/no-explicit-any
316:40  Warning: Unexpected any. Specify a different type.  @typescript-eslint/no-explicit-any
451:19  Warning: Unexpected any. Specify a different type.  @typescript-eslint/no-explicit-any
480:19  Warning: Unexpected any. Specify a different type.  @typescript-eslint/no-explicit-any
505:19  Warning: Unexpected any. Specify a different type.  @typescript-eslint/no-explicit-any

./src/app/api/credentials/route.ts
171:19  Warning: Unexpected any. Specify a different type.  @typescript-eslint/no-explicit-any
225:50  Warning: Unexpected any. Specify a different type.  @typescript-eslint/no-explicit-any
253:41  Warning: Unexpected any. Specify a different type.  @typescript-eslint/no-explicit-any
308:19  Warning: Unexpected any. Specify a different type.  @typescript-eslint/no-explicit-any
337:19  Warning: Unexpected any. Specify a different type.  @typescript-eslint/no-explicit-any
362:19  Warning: Unexpected any. Specify a different type.  @typescript-eslint/no-explicit-any

./src/app/api/crew-mobile/route.ts
18:36  Warning: Unexpected any. Specify a different type.  @typescript-eslint/no-explicit-any
85:22  Warning: Unexpected any. Specify a different type.  @typescript-eslint/no-explicit-any

./src/app/api/crm/pipeline-forecasting/route.ts
212:31  Warning: Unexpected any. Specify a different type.  @typescript-eslint/no-explicit-any
212:65  Warning: Unexpected any. Specify a different type.  @typescript-eslint/no-explicit-any
364:22  Warning: Unexpected any. Specify a different type.  @typescript-eslint/no-explicit-any

./src/app/api/cross-platform/compvss-sync/route.ts
175:41  Warning: Unexpected any. Specify a different type.  @typescript-eslint/no-explicit-any

./src/app/api/cross-platform/gvteway-sync/route.ts
3:10  Warning: 'z' is defined but never used. Allowed unused vars must match /^_/u.  @typescript-eslint/no-unused-vars

./src/app/api/currencies/route.ts
77:40  Warning: Unexpected any. Specify a different type.  @typescript-eslint/no-explicit-any
77:51  Warning: Unexpected any. Specify a different type.  @typescript-eslint/no-explicit-any
97:41  Warning: Unexpected any. Specify a different type.  @typescript-eslint/no-explicit-any
183:77  Warning: Unexpected any. Specify a different type.  @typescript-eslint/no-explicit-any

./src/app/api/data-export/route.ts
42:19  Warning: Unexpected any. Specify a different type.  @typescript-eslint/no-explicit-any
72:15  Warning: Unexpected any. Specify a different type.  @typescript-eslint/no-explicit-any
137:19  Warning: Unexpected any. Specify a different type.  @typescript-eslint/no-explicit-any

./src/app/api/deals/handoff/route.ts
21:41  Warning: Unexpected any. Specify a different type.  @typescript-eslint/no-explicit-any
80:21  Warning: Unexpected any. Specify a different type.  @typescript-eslint/no-explicit-any

./src/app/api/deals/route.ts
59:21  Warning: Unexpected any. Specify a different type.  @typescript-eslint/no-explicit-any
72:41  Warning: Unexpected any. Specify a different type.  @typescript-eslint/no-explicit-any
91:21  Warning: Unexpected any. Specify a different type.  @typescript-eslint/no-explicit-any

./src/app/api/deferred-revenue/route.ts
63:56  Warning: Unexpected any. Specify a different type.  @typescript-eslint/no-explicit-any
97:60  Warning: Unexpected any. Specify a different type.  @typescript-eslint/no-explicit-any
187:60  Warning: Unexpected any. Specify a different type.  @typescript-eslint/no-explicit-any
258:37  Warning: Unexpected any. Specify a different type.  @typescript-eslint/no-explicit-any
295:45  Warning: Unexpected any. Specify a different type.  @typescript-eslint/no-explicit-any
306:19  Warning: Unexpected any. Specify a different type.  @typescript-eslint/no-explicit-any
371:58  Warning: Unexpected any. Specify a different type.  @typescript-eslint/no-explicit-any
443:60  Warning: Unexpected any. Specify a different type.  @typescript-eslint/no-explicit-any
478:19  Warning: Unexpected any. Specify a different type.  @typescript-eslint/no-explicit-any
507:19  Warning: Unexpected any. Specify a different type.  @typescript-eslint/no-explicit-any
533:36  Warning: Unexpected any. Specify a different type.  @typescript-eslint/no-explicit-any
547:19  Warning: Unexpected any. Specify a different type.  @typescript-eslint/no-explicit-any

./src/app/api/documents/e-signature/route.ts
454:102  Warning: Unexpected any. Specify a different type.  @typescript-eslint/no-explicit-any

./src/app/api/email-integration/route.ts
100:35  Warning: Unexpected any. Specify a different type.  @typescript-eslint/no-explicit-any

./src/app/api/emergency-contacts/route.ts
35:11  Warning: 'departmentId' is assigned a value but never used. Allowed unused vars must match /^_/u.  @typescript-eslint/no-unused-vars
107:67  Warning: Unexpected any. Specify a different type.  @typescript-eslint/no-explicit-any
108:45  Warning: Unexpected any. Specify a different type.  @typescript-eslint/no-explicit-any
111:59  Warning: Unexpected any. Specify a different type.  @typescript-eslint/no-explicit-any
123:61  Warning: Unexpected any. Specify a different type.  @typescript-eslint/no-explicit-any
131:35  Warning: Unexpected any. Specify a different type.  @typescript-eslint/no-explicit-any
156:74  Warning: Unexpected any. Specify a different type.  @typescript-eslint/no-explicit-any
167:19  Warning: Unexpected any. Specify a different type.  @typescript-eslint/no-explicit-any
290:47  Warning: Unexpected any. Specify a different type.  @typescript-eslint/no-explicit-any
309:19  Warning: Unexpected any. Specify a different type.  @typescript-eslint/no-explicit-any
355:19  Warning: Unexpected any. Specify a different type.  @typescript-eslint/no-explicit-any
380:19  Warning: Unexpected any. Specify a different type.  @typescript-eslint/no-explicit-any

./src/app/api/employees/route.ts
43:21  Warning: Unexpected any. Specify a different type.  @typescript-eslint/no-explicit-any
56:41  Warning: Unexpected any. Specify a different type.  @typescript-eslint/no-explicit-any
66:21  Warning: Unexpected any. Specify a different type.  @typescript-eslint/no-explicit-any

./src/app/api/enterprise/data-residency/route.ts
299:32  Warning: 'report_type' is assigned a value but never used. Allowed unused vars must match /^_/u.  @typescript-eslint/no-unused-vars

./src/app/api/enterprise/white-label/route.ts
227:32  Warning: 'logo_data' is assigned a value but never used. Allowed unused vars must match /^_/u.  @typescript-eslint/no-unused-vars
264:32  Warning: 'domain' is assigned a value but never used. Allowed unused vars must match /^_/u.  @typescript-eslint/no-unused-vars

./src/app/api/expenses/[id]/route.ts
3:10  Warning: 'z' is defined but never used. Allowed unused vars must match /^_/u.  @typescript-eslint/no-unused-vars
95:13  Warning: 'user_id' is assigned a value but never used. Allowed unused vars must match /^_/u.  @typescript-eslint/no-unused-vars

./src/app/api/finance/enhanced/route.ts
76:21  Warning: Unexpected any. Specify a different type.  @typescript-eslint/no-explicit-any
89:41  Warning: Unexpected any. Specify a different type.  @typescript-eslint/no-explicit-any
119:21  Warning: Unexpected any. Specify a different type.  @typescript-eslint/no-explicit-any

./src/app/api/fixed-assets/route.ts
178:46  Warning: Unexpected any. Specify a different type.  @typescript-eslint/no-explicit-any
241:19  Warning: Unexpected any. Specify a different type.  @typescript-eslint/no-explicit-any
458:19  Warning: Unexpected any. Specify a different type.  @typescript-eslint/no-explicit-any
487:19  Warning: Unexpected any. Specify a different type.  @typescript-eslint/no-explicit-any
494:39  Warning: Unexpected any. Specify a different type.  @typescript-eslint/no-explicit-any

./src/app/api/governance/route.ts
44:54  Warning: Unexpected any. Specify a different type.  @typescript-eslint/no-explicit-any

./src/app/api/grants/route.ts
77:47  Warning: Unexpected any. Specify a different type.  @typescript-eslint/no-explicit-any
196:39  Warning: Unexpected any. Specify a different type.  @typescript-eslint/no-explicit-any
258:19  Warning: Unexpected any. Specify a different type.  @typescript-eslint/no-explicit-any
340:49  Warning: Unexpected any. Specify a different type.  @typescript-eslint/no-explicit-any
423:19  Warning: Unexpected any. Specify a different type.  @typescript-eslint/no-explicit-any
472:19  Warning: Unexpected any. Specify a different type.  @typescript-eslint/no-explicit-any
507:19  Warning: Unexpected any. Specify a different type.  @typescript-eslint/no-explicit-any
519:4  Warning: Unexpected any. Specify a different type.  @typescript-eslint/no-explicit-any
523:7  Warning: 'current' is never reassigned. Use 'const' instead.  prefer-const

./src/app/api/health/route.ts
10:27  Warning: 'request' is defined but never used. Allowed unused args must match /^_/u.  @typescript-eslint/no-unused-vars

./src/app/api/integrations/crm-sync/route.ts
290:25  Warning: 'code' is assigned a value but never used. Allowed unused vars must match /^_/u.  @typescript-eslint/no-unused-vars

./src/app/api/integrations/erp-sync/route.ts
247:40  Warning: Unexpected any. Specify a different type.  @typescript-eslint/no-explicit-any
285:43  Warning: Unexpected any. Specify a different type.  @typescript-eslint/no-explicit-any
325:60  Warning: Unexpected any. Specify a different type.  @typescript-eslint/no-explicit-any
326:64  Warning: Unexpected any. Specify a different type.  @typescript-eslint/no-explicit-any

./src/app/api/integrations/payroll/route.ts
192:78  Warning: Unexpected any. Specify a different type.  @typescript-eslint/no-explicit-any
201:84  Warning: Unexpected any. Specify a different type.  @typescript-eslint/no-explicit-any
267:59  Warning: Unexpected any. Specify a different type.  @typescript-eslint/no-explicit-any

./src/app/api/integrations/slack-teams/route.ts
196:23  Warning: Unexpected any. Specify a different type.  @typescript-eslint/no-explicit-any
240:19  Warning: Unexpected any. Specify a different type.  @typescript-eslint/no-explicit-any

./src/app/api/integrations/stripe-reconciliation/route.ts
177:19  Warning: Unexpected any. Specify a different type.  @typescript-eslint/no-explicit-any
338:19  Warning: Unexpected any. Specify a different type.  @typescript-eslint/no-explicit-any

./src/app/api/intercompany/route.ts
199:19  Warning: Unexpected any. Specify a different type.  @typescript-eslint/no-explicit-any
364:19  Warning: Unexpected any. Specify a different type.  @typescript-eslint/no-explicit-any
390:19  Warning: Unexpected any. Specify a different type.  @typescript-eslint/no-explicit-any
431:19  Warning: Unexpected any. Specify a different type.  @typescript-eslint/no-explicit-any

./src/app/api/invoices/[id]/route.ts
80:13  Warning: 'user_id' is assigned a value but never used. Allowed unused vars must match /^_/u.  @typescript-eslint/no-unused-vars
80:22  Warning: 'line_items' is assigned a value but never used. Allowed unused vars must match /^_/u.  @typescript-eslint/no-unused-vars

./src/app/api/job-costing/route.ts
130:60  Warning: Unexpected any. Specify a different type.  @typescript-eslint/no-explicit-any
135:41  Warning: Unexpected any. Specify a different type.  @typescript-eslint/no-explicit-any
136:35  Warning: Unexpected any. Specify a different type.  @typescript-eslint/no-explicit-any
137:35  Warning: Unexpected any. Specify a different type.  @typescript-eslint/no-explicit-any
152:65  Warning: Unexpected any. Specify a different type.  @typescript-eslint/no-explicit-any
187:41  Warning: Unexpected any. Specify a different type.  @typescript-eslint/no-explicit-any
244:45  Warning: Unexpected any. Specify a different type.  @typescript-eslint/no-explicit-any
245:50  Warning: Unexpected any. Specify a different type.  @typescript-eslint/no-explicit-any
300:19  Warning: Unexpected any. Specify a different type.  @typescript-eslint/no-explicit-any
369:52  Warning: Unexpected any. Specify a different type.  @typescript-eslint/no-explicit-any
373:51  Warning: Unexpected any. Specify a different type.  @typescript-eslint/no-explicit-any
373:87  Warning: Unexpected any. Specify a different type.  @typescript-eslint/no-explicit-any
447:19  Warning: Unexpected any. Specify a different type.  @typescript-eslint/no-explicit-any
490:19  Warning: Unexpected any. Specify a different type.  @typescript-eslint/no-explicit-any
515:19  Warning: Unexpected any. Specify a different type.  @typescript-eslint/no-explicit-any

./src/app/api/kpi/[code]/route.ts
2:10  Warning: 'createClient' is defined but never used. Allowed unused vars must match /^_/u.  @typescript-eslint/no-unused-vars

./src/app/api/kpi/data/route.ts
99:50  Warning: Unexpected any. Specify a different type.  @typescript-eslint/no-explicit-any
113:48  Warning: Unexpected any. Specify a different type.  @typescript-eslint/no-explicit-any
114:38  Warning: Unexpected any. Specify a different type.  @typescript-eslint/no-explicit-any

./src/app/api/kpi/route.ts
2:10  Warning: 'createClient' is defined but never used. Allowed unused vars must match /^_/u.  @typescript-eslint/no-unused-vars
3:27  Warning: 'getKPIByCode' is defined but never used. Allowed unused vars must match /^_/u.  @typescript-eslint/no-unused-vars

./src/app/api/labor-compliance/route.ts
136:19  Warning: Unexpected any. Specify a different type.  @typescript-eslint/no-explicit-any
145:42  Warning: Unexpected any. Specify a different type.  @typescript-eslint/no-explicit-any
177:58  Warning: Unexpected any. Specify a different type.  @typescript-eslint/no-explicit-any
215:42  Warning: Unexpected any. Specify a different type.  @typescript-eslint/no-explicit-any
217:38  Warning: Unexpected any. Specify a different type.  @typescript-eslint/no-explicit-any
252:45  Warning: Unexpected any. Specify a different type.  @typescript-eslint/no-explicit-any
252:81  Warning: Unexpected any. Specify a different type.  @typescript-eslint/no-explicit-any
324:19  Warning: Unexpected any. Specify a different type.  @typescript-eslint/no-explicit-any
436:19  Warning: Unexpected any. Specify a different type.  @typescript-eslint/no-explicit-any

./src/app/api/late-payments/route.ts
16:9  Warning: 'query' is never reassigned. Use 'const' instead.  prefer-const

./src/app/api/lead-scoring/route.ts
91:35  Warning: Unexpected any. Specify a different type.  @typescript-eslint/no-explicit-any

./src/app/api/maintenance-history/route.ts
60:11  Warning: 'category' is assigned a value but never used. Allowed unused vars must match /^_/u.  @typescript-eslint/no-unused-vars
106:11  Warning: 'query' is never reassigned. Use 'const' instead.  prefer-const
125:60  Warning: Unexpected any. Specify a different type.  @typescript-eslint/no-explicit-any
346:19  Warning: Unexpected any. Specify a different type.  @typescript-eslint/no-explicit-any
408:22  Warning: Unexpected any. Specify a different type.  @typescript-eslint/no-explicit-any
498:19  Warning: Unexpected any. Specify a different type.  @typescript-eslint/no-explicit-any
540:19  Warning: Unexpected any. Specify a different type.  @typescript-eslint/no-explicit-any
586:19  Warning: Unexpected any. Specify a different type.  @typescript-eslint/no-explicit-any

./src/app/api/make/modules/route.ts
7:9  Warning: 'supabase' is assigned a value but never used. Allowed unused vars must match /^_/u.  @typescript-eslint/no-unused-vars
231:21  Warning: 'module_name' is assigned a value but never used. Allowed unused vars must match /^_/u.  @typescript-eslint/no-unused-vars
253:15  Warning: 'endpoint' is assigned a value but never used. Allowed unused vars must match /^_/u.  @typescript-eslint/no-unused-vars

./src/app/api/marketing-attribution/route.ts
30:11  Warning: 'reportType' is assigned a value but never used. Allowed unused vars must match /^_/u.  @typescript-eslint/no-unused-vars
118:43  Warning: Unexpected any. Specify a different type.  @typescript-eslint/no-explicit-any

./src/app/api/mass-email/route.ts
113:45  Warning: Unexpected any. Specify a different type.  @typescript-eslint/no-explicit-any

./src/app/api/meetings/route.ts
129:53  Warning: Unexpected any. Specify a different type.  @typescript-eslint/no-explicit-any

./src/app/api/multi-entity/route.ts
53:52  Warning: Unexpected any. Specify a different type.  @typescript-eslint/no-explicit-any
83:13  Warning: 'period' is assigned a value but never used. Allowed unused vars must match /^_/u.  @typescript-eslint/no-unused-vars

./src/app/api/n8n/nodes/route.ts
443:53  Warning: Unexpected any. Specify a different type.  @typescript-eslint/no-explicit-any
443:75  Warning: Unexpected any. Specify a different type.  @typescript-eslint/no-explicit-any
452:42  Warning: Unexpected any. Specify a different type.  @typescript-eslint/no-explicit-any

./src/app/api/nl-query/route.ts
188:18  Warning: Unexpected any. Specify a different type.  @typescript-eslint/no-explicit-any
280:52  Warning: Unexpected any. Specify a different type.  @typescript-eslint/no-explicit-any

./src/app/api/nps/route.ts
68:34  Warning: Unexpected any. Specify a different type.  @typescript-eslint/no-explicit-any

./src/app/api/onboarding/route.ts
49:53  Warning: 'template_id' is assigned a value but never used. Allowed unused vars must match /^_/u.  @typescript-eslint/no-unused-vars

./src/app/api/opportunities/route.ts
233:19  Warning: Unexpected any. Specify a different type.  @typescript-eslint/no-explicit-any
325:19  Warning: Unexpected any. Specify a different type.  @typescript-eslint/no-explicit-any
441:19  Warning: Unexpected any. Specify a different type.  @typescript-eslint/no-explicit-any
466:19  Warning: Unexpected any. Specify a different type.  @typescript-eslint/no-explicit-any

./src/app/api/opportunity-tracking/route.ts
30:40  Warning: Unexpected any. Specify a different type.  @typescript-eslint/no-explicit-any

./src/app/api/payment-processing/route.ts
107:61  Warning: Unexpected any. Specify a different type.  @typescript-eslint/no-explicit-any
135:43  Warning: Unexpected any. Specify a different type.  @typescript-eslint/no-explicit-any
136:42  Warning: Unexpected any. Specify a different type.  @typescript-eslint/no-explicit-any
137:45  Warning: Unexpected any. Specify a different type.  @typescript-eslint/no-explicit-any
201:19  Warning: Unexpected any. Specify a different type.  @typescript-eslint/no-explicit-any
432:19  Warning: Unexpected any. Specify a different type.  @typescript-eslint/no-explicit-any
486:19  Warning: Unexpected any. Specify a different type.  @typescript-eslint/no-explicit-any

./src/app/api/payroll/[id]/route.ts
3:10  Warning: 'z' is defined but never used. Allowed unused vars must match /^_/u.  @typescript-eslint/no-unused-vars

./src/app/api/payroll/route.ts
21:11  Warning: 'employeeId' is assigned a value but never used. Allowed unused vars must match /^_/u.  @typescript-eslint/no-unused-vars

./src/app/api/performance/route.ts
70:16  Warning: Unexpected any. Specify a different type.  @typescript-eslint/no-explicit-any

./src/app/api/po-receiving/route.ts
36:11  Warning: 'vendorId' is assigned a value but never used. Allowed unused vars must match /^_/u.  @typescript-eslint/no-unused-vars
75:36  Warning: Unexpected any. Specify a different type.  @typescript-eslint/no-explicit-any
126:36  Warning: Unexpected any. Specify a different type.  @typescript-eslint/no-explicit-any
128:64  Warning: Unexpected any. Specify a different type.  @typescript-eslint/no-explicit-any
132:64  Warning: Unexpected any. Specify a different type.  @typescript-eslint/no-explicit-any
136:67  Warning: Unexpected any. Specify a different type.  @typescript-eslint/no-explicit-any
191:36  Warning: Unexpected any. Specify a different type.  @typescript-eslint/no-explicit-any
194:66  Warning: Unexpected any. Specify a different type.  @typescript-eslint/no-explicit-any
198:69  Warning: Unexpected any. Specify a different type.  @typescript-eslint/no-explicit-any
209:42  Warning: Unexpected any. Specify a different type.  @typescript-eslint/no-explicit-any
243:19  Warning: Unexpected any. Specify a different type.  @typescript-eslint/no-explicit-any
409:19  Warning: Unexpected any. Specify a different type.  @typescript-eslint/no-explicit-any
435:19  Warning: Unexpected any. Specify a different type.  @typescript-eslint/no-explicit-any

./src/app/api/predictive-analytics/route.ts
6:9  Warning: 'supabase' is assigned a value but never used. Allowed unused vars must match /^_/u.  @typescript-eslint/no-unused-vars
15:20  Warning: Unexpected any. Specify a different type.  @typescript-eslint/no-explicit-any
56:19  Warning: Unexpected any. Specify a different type.  @typescript-eslint/no-explicit-any
97:19  Warning: Unexpected any. Specify a different type.  @typescript-eslint/no-explicit-any
122:19  Warning: Unexpected any. Specify a different type.  @typescript-eslint/no-explicit-any

./src/app/api/preferred-vendors/route.ts
81:61  Warning: Unexpected any. Specify a different type.  @typescript-eslint/no-explicit-any
119:19  Warning: Unexpected any. Specify a different type.  @typescript-eslint/no-explicit-any
160:19  Warning: Unexpected any. Specify a different type.  @typescript-eslint/no-explicit-any
186:19  Warning: Unexpected any. Specify a different type.  @typescript-eslint/no-explicit-any
211:19  Warning: Unexpected any. Specify a different type.  @typescript-eslint/no-explicit-any

./src/app/api/procurement/automation/route.ts
426:11  Warning: 'poData' is never reassigned. Use 'const' instead.  prefer-const
426:19  Warning: Unexpected any. Specify a different type.  @typescript-eslint/no-explicit-any
441:70  Warning: Unexpected any. Specify a different type.  @typescript-eslint/no-explicit-any
452:67  Warning: Unexpected any. Specify a different type.  @typescript-eslint/no-explicit-any

./src/app/api/profit-sharing/route.ts
81:44  Warning: Unexpected any. Specify a different type.  @typescript-eslint/no-explicit-any
82:41  Warning: Unexpected any. Specify a different type.  @typescript-eslint/no-explicit-any
83:46  Warning: Unexpected any. Specify a different type.  @typescript-eslint/no-explicit-any
136:57  Warning: Unexpected any. Specify a different type.  @typescript-eslint/no-explicit-any
155:68  Warning: Unexpected any. Specify a different type.  @typescript-eslint/no-explicit-any
194:19  Warning: Unexpected any. Specify a different type.  @typescript-eslint/no-explicit-any
283:41  Warning: Unexpected any. Specify a different type.  @typescript-eslint/no-explicit-any
292:55  Warning: Unexpected any. Specify a different type.  @typescript-eslint/no-explicit-any
397:19  Warning: Unexpected any. Specify a different type.  @typescript-eslint/no-explicit-any
430:19  Warning: Unexpected any. Specify a different type.  @typescript-eslint/no-explicit-any
455:19  Warning: Unexpected any. Specify a different type.  @typescript-eslint/no-explicit-any

./src/app/api/project-dependencies/route.ts
174:40  Warning: Unexpected any. Specify a different type.  @typescript-eslint/no-explicit-any
174:48  Warning: Unexpected any. Specify a different type.  @typescript-eslint/no-explicit-any
175:20  Warning: Unexpected any. Specify a different type.  @typescript-eslint/no-explicit-any
223:33  Warning: Unexpected any. Specify a different type.  @typescript-eslint/no-explicit-any
223:48  Warning: Unexpected any. Specify a different type.  @typescript-eslint/no-explicit-any
232:45  Warning: Unexpected any. Specify a different type.  @typescript-eslint/no-explicit-any
232:53  Warning: Unexpected any. Specify a different type.  @typescript-eslint/no-explicit-any
233:33  Warning: Unexpected any. Specify a different type.  @typescript-eslint/no-explicit-any
234:16  Warning: Unexpected any. Specify a different type.  @typescript-eslint/no-explicit-any
267:46  Warning: Unexpected any. Specify a different type.  @typescript-eslint/no-explicit-any
267:54  Warning: Unexpected any. Specify a different type.  @typescript-eslint/no-explicit-any

./src/app/api/projects/enhanced/route.ts
64:21  Warning: Unexpected any. Specify a different type.  @typescript-eslint/no-explicit-any
77:41  Warning: Unexpected any. Specify a different type.  @typescript-eslint/no-explicit-any
96:21  Warning: Unexpected any. Specify a different type.  @typescript-eslint/no-explicit-any

./src/app/api/projects/route.ts
62:21  Warning: Unexpected any. Specify a different type.  @typescript-eslint/no-explicit-any
75:41  Warning: Unexpected any. Specify a different type.  @typescript-eslint/no-explicit-any
97:21  Warning: Unexpected any. Specify a different type.  @typescript-eslint/no-explicit-any

./src/app/api/pto-balances/route.ts
21:11  Warning: 'departmentId' is assigned a value but never used. Allowed unused vars must match /^_/u.  @typescript-eslint/no-unused-vars
78:31  Warning: Unexpected any. Specify a different type.  @typescript-eslint/no-explicit-any

./src/app/api/purchase-orders/[id]/route.ts
17:41  Warning: Unexpected any. Specify a different type.  @typescript-eslint/no-explicit-any
49:41  Warning: Unexpected any. Specify
