
> atlvs@0.1.0 build /Users/julianclarkson/Documents/Dragonflyone/apps/atlvs
> NODE_OPTIONS='--max-old-space-size=8192' next build --no-lint

 ⚠ Linting is disabled.
  ▲ Next.js 14.2.3
  - Environments: .env.local

   Creating an optimized production build ...
   Using tsconfig file: tsconfig.build.json
<w> [webpack.cache.PackFileCacheStrategy] Serializing big strings (128kiB) impacts deserialization performance (consider using Buffer instead and decode when needed)
 ✓ Compiled successfully
   Skipping validation of types
   Collecting page data ...
 ⚠ Using edge runtime on a page currently disables static generation for that page
   Generating static pages (0/353) ...
API route error: q [Error]: Dynamic server usage: Route /api/advances couldn't be rendered statically because it accessed `request.headers`. See more info here: https://nextjs.org/docs/messages/dynamic-server-error
    at Object.get (/Users/julianclarkson/Documents/Dragonflyone/node_modules/.pnpm/next@14.2.3_@babel+core@7.28.5_@playwright+test@1.56.1_react-dom@18.2.0_react@18.2.0__react@18.2.0/node_modules/next/dist/compiled/next-server/app-route.runtime.prod.js:6:37835)
    at /Users/julianclarkson/Documents/Dragonflyone/apps/atlvs/.next/server/chunks/8298.js:1:4523
    at /Users/julianclarkson/Documents/Dragonflyone/apps/atlvs/.next/server/chunks/8298.js:1:4848
    at /Users/julianclarkson/Documents/Dragonflyone/node_modules/.pnpm/next@14.2.3_@babel+core@7.28.5_@playwright+test@1.56.1_react-dom@18.2.0_react@18.2.0__react@18.2.0/node_modules/next/dist/compiled/next-server/app-route.runtime.prod.js:6:34672
    at /Users/julianclarkson/Documents/Dragonflyone/node_modules/.pnpm/next@14.2.3_@babel+core@7.28.5_@playwright+test@1.56.1_react-dom@18.2.0_react@18.2.0__react@18.2.0/node_modules/next/dist/server/lib/trace/tracer.js:140:36
    at NoopContextManager.with (/Users/julianclarkson/Documents/Dragonflyone/node_modules/.pnpm/next@14.2.3_@babel+core@7.28.5_@playwright+test@1.56.1_react-dom@18.2.0_react@18.2.0__react@18.2.0/node_modules/next/dist/compiled/@opentelemetry/api/index.js:1:7062)
    at ContextAPI.with (/Users/julianclarkson/Documents/Dragonflyone/node_modules/.pnpm/next@14.2.3_@babel+core@7.28.5_@playwright+test@1.56.1_react-dom@18.2.0_react@18.2.0__react@18.2.0/node_modules/next/dist/compiled/@opentelemetry/api/index.js:1:518)
    at NoopTracer.startActiveSpan (/Users/julianclarkson/Documents/Dragonflyone/node_modules/.pnpm/next@14.2.3_@babel+core@7.28.5_@playwright+test@1.56.1_react-dom@18.2.0_react@18.2.0__react@18.2.0/node_modules/next/dist/compiled/@opentelemetry/api/index.js:1:18093)
    at ProxyTracer.startActiveSpan (/Users/julianclarkson/Documents/Dragonflyone/node_modules/.pnpm/next@14.2.3_@babel+core@7.28.5_@playwright+test@1.56.1_react-dom@18.2.0_react@18.2.0__react@18.2.0/node_modules/next/dist/compiled/@opentelemetry/api/index.js:1:18854)
    at /Users/julianclarkson/Documents/Dragonflyone/node_modules/.pnpm/next@14.2.3_@babel+core@7.28.5_@playwright+test@1.56.1_react-dom@18.2.0_react@18.2.0__react@18.2.0/node_modules/next/dist/server/lib/trace/tracer.js:122:103 {
  description: "Route /api/advances couldn't be rendered statically because it accessed `request.headers`. See more info here: https://nextjs.org/docs/messages/dynamic-server-error",
  digest: 'DYNAMIC_SERVER_USAGE'
}
Asset utilization error: q [Error]: Dynamic server usage: Route /api/asset-utilization couldn't be rendered statically because it accessed `request.url`. See more info here: https://nextjs.org/docs/messages/dynamic-server-error
    at Object.get (/Users/julianclarkson/Documents/Dragonflyone/node_modules/.pnpm/next@14.2.3_@babel+core@7.28.5_@playwright+test@1.56.1_react-dom@18.2.0_react@18.2.0__react@18.2.0/node_modules/next/dist/compiled/next-server/app-route.runtime.prod.js:6:37835)
    at c (/Users/julianclarkson/Documents/Dragonflyone/apps/atlvs/.next/server/app/api/asset-utilization/route.js:1:573)
    at /Users/julianclarkson/Documents/Dragonflyone/node_modules/.pnpm/next@14.2.3_@babel+core@7.28.5_@playwright+test@1.56.1_react-dom@18.2.0_react@18.2.0__react@18.2.0/node_modules/next/dist/compiled/next-server/app-route.runtime.prod.js:6:34672
    at /Users/julianclarkson/Documents/Dragonflyone/node_modules/.pnpm/next@14.2.3_@babel+core@7.28.5_@playwright+test@1.56.1_react-dom@18.2.0_react@18.2.0__react@18.2.0/node_modules/next/dist/server/lib/trace/tracer.js:140:36
    at NoopContextManager.with (/Users/julianclarkson/Documents/Dragonflyone/node_modules/.pnpm/next@14.2.3_@babel+core@7.28.5_@playwright+test@1.56.1_react-dom@18.2.0_react@18.2.0__react@18.2.0/node_modules/next/dist/compiled/@opentelemetry/api/index.js:1:7062)
    at ContextAPI.with (/Users/julianclarkson/Documents/Dragonflyone/node_modules/.pnpm/next@14.2.3_@babel+core@7.28.5_@playwright+test@1.56.1_react-dom@18.2.0_react@18.2.0__react@18.2.0/node_modules/next/dist/compiled/@opentelemetry/api/index.js:1:518)
    at NoopTracer.startActiveSpan (/Users/julianclarkson/Documents/Dragonflyone/node_modules/.pnpm/next@14.2.3_@babel+core@7.28.5_@playwright+test@1.56.1_react-dom@18.2.0_react@18.2.0__react@18.2.0/node_modules/next/dist/compiled/@opentelemetry/api/index.js:1:18093)
    at ProxyTracer.startActiveSpan (/Users/julianclarkson/Documents/Dragonflyone/node_modules/.pnpm/next@14.2.3_@babel+core@7.28.5_@playwright+test@1.56.1_react-dom@18.2.0_react@18.2.0__react@18.2.0/node_modules/next/dist/compiled/@opentelemetry/api/index.js:1:18854)
    at /Users/julianclarkson/Documents/Dragonflyone/node_modules/.pnpm/next@14.2.3_@babel+core@7.28.5_@playwright+test@1.56.1_react-dom@18.2.0_react@18.2.0__react@18.2.0/node_modules/next/dist/server/lib/trace/tracer.js:122:103
    at NoopContextManager.with (/Users/julianclarkson/Documents/Dragonflyone/node_modules/.pnpm/next@14.2.3_@babel+core@7.28.5_@playwright+test@1.56.1_react-dom@18.2.0_react@18.2.0__react@18.2.0/node_modules/next/dist/compiled/@opentelemetry/api/index.js:1:7062) {
  description: "Route /api/asset-utilization couldn't be rendered statically because it accessed `request.url`. See more info here: https://nextjs.org/docs/messages/dynamic-server-error",
  digest: 'DYNAMIC_SERVER_USAGE'
}
API route error: q [Error]: Dynamic server usage: Route /api/analytics couldn't be rendered statically because it accessed `request.headers`. See more info here: https://nextjs.org/docs/messages/dynamic-server-error
    at Object.get (/Users/julianclarkson/Documents/Dragonflyone/node_modules/.pnpm/next@14.2.3_@babel+core@7.28.5_@playwright+test@1.56.1_react-dom@18.2.0_react@18.2.0__react@18.2.0/node_modules/next/dist/compiled/next-server/app-route.runtime.prod.js:6:37835)
    at /Users/julianclarkson/Documents/Dragonflyone/apps/atlvs/.next/server/chunks/8298.js:1:4523
    at /Users/julianclarkson/Documents/Dragonflyone/apps/atlvs/.next/server/chunks/8298.js:1:4848
    at /Users/julianclarkson/Documents/Dragonflyone/node_modules/.pnpm/next@14.2.3_@babel+core@7.28.5_@playwright+test@1.56.1_react-dom@18.2.0_react@18.2.0__react@18.2.0/node_modules/next/dist/compiled/next-server/app-route.runtime.prod.js:6:34672
    at /Users/julianclarkson/Documents/Dragonflyone/node_modules/.pnpm/next@14.2.3_@babel+core@7.28.5_@playwright+test@1.56.1_react-dom@18.2.0_react@18.2.0__react@18.2.0/node_modules/next/dist/server/lib/trace/tracer.js:140:36
    at NoopContextManager.with (/Users/julianclarkson/Documents/Dragonflyone/node_modules/.pnpm/next@14.2.3_@babel+core@7.28.5_@playwright+test@1.56.1_react-dom@18.2.0_react@18.2.0__react@18.2.0/node_modules/next/dist/compiled/@opentelemetry/api/index.js:1:7062)
    at ContextAPI.with (/Users/julianclarkson/Documents/Dragonflyone/node_modules/.pnpm/next@14.2.3_@babel+core@7.28.5_@playwright+test@1.56.1_react-dom@18.2.0_react@18.2.0__react@18.2.0/node_modules/next/dist/compiled/@opentelemetry/api/index.js:1:518)
    at NoopTracer.startActiveSpan (/Users/julianclarkson/Documents/Dragonflyone/node_modules/.pnpm/next@14.2.3_@babel+core@7.28.5_@playwright+test@1.56.1_react-dom@18.2.0_react@18.2.0__react@18.2.0/node_modules/next/dist/compiled/@opentelemetry/api/index.js:1:18093)
    at ProxyTracer.startActiveSpan (/Users/julianclarkson/Documents/Dragonflyone/node_modules/.pnpm/next@14.2.3_@babel+core@7.28.5_@playwright+test@1.56.1_react-dom@18.2.0_react@18.2.0__react@18.2.0/node_modules/next/dist/compiled/@opentelemetry/api/index.js:1:18854)
    at /Users/julianclarkson/Documents/Dragonflyone/node_modules/.pnpm/next@14.2.3_@babel+core@7.28.5_@playwright+test@1.56.1_react-dom@18.2.0_react@18.2.0__react@18.2.0/node_modules/next/dist/server/lib/trace/tracer.js:122:103 {
  description: "Route /api/analytics couldn't be rendered statically because it accessed `request.headers`. See more info here: https://nextjs.org/docs/messages/dynamic-server-error",
  digest: 'DYNAMIC_SERVER_USAGE'
}
