
> @ghxstship/integrations@1.0.0 lint /Users/julianclarkson/Documents/Dragonflyone/packages/integrations
> eslint . --ext .ts

Pages directory cannot be found at /Users/julianclarkson/Documents/Dragonflyone/packages/integrations/pages or /Users/julianclarkson/Documents/Dragonflyone/packages/integrations/src/pages. If using a custom path, please configure with the `no-html-link-for-pages` rule in your eslint config file.

/Users/julianclarkson/Documents/Dragonflyone/packages/integrations/tests/integration-validation.test.ts
    1:32  warning  'beforeAll' is defined but never used. Allowed unused vars must match /^_/u  @typescript-eslint/no-unused-vars
    1:43  warning  'afterAll' is defined but never used. Allowed unused vars must match /^_/u   @typescript-eslint/no-unused-vars
   95:40  warning  Unexpected any. Specify a different type                                     @typescript-eslint/no-explicit-any
  169:7   warning  Unexpected console statement                                                 no-console
  187:9   warning  Unexpected console statement                                                 no-console
  328:38  warning  Unexpected any. Specify a different type                                     @typescript-eslint/no-explicit-any

/Users/julianclarkson/Documents/Dragonflyone/packages/integrations/tests/n8n-regression.test.ts
    1:32  warning  'beforeAll' is defined but never used. Allowed unused vars must match /^_/u  @typescript-eslint/no-unused-vars
    1:43  warning  'afterAll' is defined but never used. Allowed unused vars must match /^_/u   @typescript-eslint/no-unused-vars
  363:42  warning  Unexpected any. Specify a different type                                     @typescript-eslint/no-explicit-any
  363:83  warning  Unexpected any. Specify a different type                                     @typescript-eslint/no-explicit-any
  388:42  warning  Unexpected any. Specify a different type                                     @typescript-eslint/no-explicit-any

/Users/julianclarkson/Documents/Dragonflyone/packages/integrations/tests/zapier-qa.test.ts
    1:32  warning  'beforeAll' is defined but never used. Allowed unused vars must match /^_/u  @typescript-eslint/no-unused-vars
  159:35  warning  Unexpected any. Specify a different type                                     @typescript-eslint/no-explicit-any
  203:53  warning  Unexpected any. Specify a different type                                     @typescript-eslint/no-explicit-any
  204:48  warning  Unexpected any. Specify a different type                                     @typescript-eslint/no-explicit-any
  220:23  warning  Unexpected any. Specify a different type                                     @typescript-eslint/no-explicit-any
  259:9   warning  Unexpected console statement                                                 no-console

/Users/julianclarkson/Documents/Dragonflyone/packages/integrations/webhooks/verify.ts
  122:22  warning  Unexpected any. Specify a different type  @typescript-eslint/no-explicit-any
  122:32  warning  Unexpected any. Specify a different type  @typescript-eslint/no-explicit-any

✖ 19 problems (0 errors, 19 warnings)

